<?xml version="1.0" encoding="UTF-8"?>
<coverage generated="1537816012136" clover="3.2.0">
  <project timestamp="1537816012136" name="All files">
    <metrics statements="67" coveredstatements="60" conditionals="0" coveredconditionals="0" methods="27" coveredmethods="26" elements="94" coveredelements="86" complexity="0" loc="67" ncloc="67" packages="5" files="7" classes="7">
      <package name="helpers">
        <metrics statements="25" coveredstatements="25" conditionals="0" coveredconditionals="0" methods="15" coveredmethods="15"/>
        <file name="NetworkAPI.js" path="/Users/ryan_bradford/Documents/School/Research/Mobile/WHAM-Mobile/app/helpers/NetworkAPI.js">
          <metrics statements="25" coveredstatements="25" conditionals="0" coveredconditionals="0" methods="15" coveredmethods="15"/>
          <line num="1" count="1" type="stmt"/>
          <line num="2" count="1" type="stmt"/>
          <line num="3" count="1" type="stmt"/>
          <line num="12" count="2" type="stmt"/>
          <line num="13" count="2" type="stmt"/>
          <line num="23" count="2" type="stmt"/>
          <line num="25" count="2" type="stmt"/>
          <line num="31" count="1" type="stmt"/>
          <line num="39" count="1" type="stmt"/>
          <line num="40" count="1" type="stmt"/>
          <line num="48" count="1" type="stmt"/>
          <line num="49" count="1" type="stmt"/>
          <line num="54" count="3" type="stmt"/>
          <line num="55" count="3" type="stmt"/>
          <line num="61" count="3" type="stmt"/>
          <line num="62" count="3" type="stmt"/>
          <line num="68" count="1" type="stmt"/>
          <line num="69" count="1" type="stmt"/>
          <line num="77" count="1" type="stmt"/>
          <line num="84" count="1" type="stmt"/>
          <line num="85" count="1" type="stmt"/>
          <line num="95" count="1" type="stmt"/>
          <line num="102" count="1" type="stmt"/>
          <line num="103" count="1" type="stmt"/>
          <line num="110" count="1" type="stmt"/>
        </file>
      </package>
      <package name="models.general">
        <metrics statements="16" coveredstatements="15" conditionals="0" coveredconditionals="0" methods="3" coveredmethods="3"/>
        <file name="PatientInfoModel.js" path="/Users/ryan_bradford/Documents/School/Research/Mobile/WHAM-Mobile/app/models/general/PatientInfoModel.js">
          <metrics statements="5" coveredstatements="5" conditionals="0" coveredconditionals="0" methods="1" coveredmethods="1"/>
          <line num="4" count="3" type="stmt"/>
          <line num="5" count="3" type="stmt"/>
          <line num="6" count="3" type="stmt"/>
          <line num="7" count="3" type="stmt"/>
          <line num="8" count="3" type="stmt"/>
        </file>
        <file name="PatientOverviewModel.js" path="/Users/ryan_bradford/Documents/School/Research/Mobile/WHAM-Mobile/app/models/general/PatientOverviewModel.js">
          <metrics statements="11" coveredstatements="10" conditionals="0" coveredconditionals="0" methods="2" coveredmethods="2"/>
          <line num="11" count="3" type="stmt"/>
          <line num="17" count="3" type="stmt"/>
          <line num="18" count="3" type="stmt"/>
          <line num="19" count="3" type="stmt"/>
          <line num="20" count="2" type="stmt"/>
          <line num="23" count="3" type="stmt"/>
          <line num="24" count="3" type="stmt"/>
          <line num="25" count="0" type="stmt"/>
          <line num="28" count="3" type="stmt"/>
          <line num="29" count="3" type="stmt"/>
          <line num="30" count="1" type="stmt"/>
        </file>
      </package>
      <package name="models.messages">
        <metrics statements="6" coveredstatements="0" conditionals="0" coveredconditionals="0" methods="1" coveredmethods="0"/>
        <file name="MessageNoReplyModel.js" path="/Users/ryan_bradford/Documents/School/Research/Mobile/WHAM-Mobile/app/models/messages/MessageNoReplyModel.js">
          <metrics statements="6" coveredstatements="0" conditionals="0" coveredconditionals="0" methods="1" coveredmethods="0"/>
          <line num="4" count="0" type="stmt"/>
          <line num="5" count="0" type="stmt"/>
          <line num="6" count="0" type="stmt"/>
          <line num="7" count="0" type="stmt"/>
          <line num="8" count="0" type="stmt"/>
          <line num="9" count="0" type="stmt"/>
        </file>
      </package>
      <package name="models.request">
        <metrics statements="3" coveredstatements="3" conditionals="0" coveredconditionals="0" methods="3" coveredmethods="3"/>
        <file name="RequestModel.js" path="/Users/ryan_bradford/Documents/School/Research/Mobile/WHAM-Mobile/app/models/request/RequestModel.js">
          <metrics statements="3" coveredstatements="3" conditionals="0" coveredconditionals="0" methods="3" coveredmethods="3"/>
          <line num="7" count="3" type="stmt"/>
          <line num="13" count="1" type="stmt"/>
          <line num="19" count="1" type="stmt"/>
        </file>
      </package>
      <package name="models.sessions">
        <metrics statements="17" coveredstatements="17" conditionals="0" coveredconditionals="0" methods="5" coveredmethods="5"/>
        <file name="ScoreModel.js" path="/Users/ryan_bradford/Documents/School/Research/Mobile/WHAM-Mobile/app/models/sessions/ScoreModel.js">
          <metrics statements="3" coveredstatements="3" conditionals="0" coveredconditionals="0" methods="2" coveredmethods="2"/>
          <line num="5" count="3" type="stmt"/>
          <line num="6" count="3" type="stmt"/>
          <line num="12" count="1" type="stmt"/>
        </file>
        <file name="SessionModel.js" path="/Users/ryan_bradford/Documents/School/Research/Mobile/WHAM-Mobile/app/models/sessions/SessionModel.js">
          <metrics statements="14" coveredstatements="14" conditionals="0" coveredconditionals="0" methods="3" coveredmethods="3"/>
          <line num="8" count="3" type="stmt"/>
          <line num="9" count="3" type="stmt"/>
          <line num="10" count="3" type="stmt"/>
          <line num="11" count="3" type="stmt"/>
          <line num="12" count="3" type="stmt"/>
          <line num="13" count="3" type="stmt"/>
          <line num="14" count="3" type="stmt"/>
          <line num="21" count="1" type="stmt"/>
          <line num="27" count="1" type="stmt"/>
          <line num="32" count="1" type="stmt"/>
          <line num="33" count="1" type="stmt"/>
          <line num="34" count="1" type="stmt"/>
          <line num="36" count="1" type="stmt"/>
          <line num="37" count="1" type="stmt"/>
        </file>
      </package>
    </metrics>
  </project>
</coverage>
