{"/Users/ryan_bradford/Documents/School/Research/Mobile/WHAM-Mobile/app/helpers/NetworkAPI.js": {"path":"/Users/ryan_bradford/Documents/School/Research/Mobile/WHAM-Mobile/app/helpers/NetworkAPI.js","statementMap":{"0":{"start":{"line":1,"column":14},"end":{"line":1,"column":35}},"1":{"start":{"line":2,"column":15},"end":{"line":2,"column":38}},"2":{"start":{"line":3,"column":24},"end":{"line":3,"column":38}},"3":{"start":{"line":12,"column":18},"end":{"line":12,"column":45}},"4":{"start":{"line":13,"column":8},"end":{"line":26,"column":10}},"5":{"start":{"line":23,"column":28},"end":{"line":23,"column":43}},"6":{"start":{"line":25,"column":12},"end":{"line":25,"column":29}},"7":{"start":{"line":31,"column":21},"end":{"line":38,"column":9}},"8":{"start":{"line":39,"column":18},"end":{"line":39,"column":40}},"9":{"start":{"line":40,"column":8},"end":{"line":49,"column":35}},"10":{"start":{"line":48,"column":12},"end":{"line":48,"column":34}},"11":{"start":{"line":49,"column":24},"end":{"line":49,"column":34}},"12":{"start":{"line":54,"column":18},"end":{"line":54,"column":77}},"13":{"start":{"line":55,"column":8},"end":{"line":62,"column":53}},"14":{"start":{"line":61,"column":28},"end":{"line":61,"column":43}},"15":{"start":{"line":62,"column":22},"end":{"line":62,"column":52}},"16":{"start":{"line":68,"column":18},"end":{"line":68,"column":86}},"17":{"start":{"line":69,"column":8},"end":{"line":78,"column":10}},"18":{"start":{"line":77,"column":12},"end":{"line":77,"column":18}},"19":{"start":{"line":84,"column":18},"end":{"line":84,"column":92}},"20":{"start":{"line":85,"column":8},"end":{"line":96,"column":10}},"21":{"start":{"line":95,"column":12},"end":{"line":95,"column":18}},"22":{"start":{"line":102,"column":18},"end":{"line":102,"column":109}},"23":{"start":{"line":103,"column":8},"end":{"line":111,"column":10}},"24":{"start":{"line":110,"column":12},"end":{"line":110,"column":18}}},"fnMap":{"0":{"name":"(anonymous_0)","decl":{"start":{"line":11,"column":4},"end":{"line":11,"column":5}},"loc":{"start":{"line":11,"column":37},"end":{"line":27,"column":5}},"line":11},"1":{"name":"(anonymous_1)","decl":{"start":{"line":23,"column":16},"end":{"line":23,"column":17}},"loc":{"start":{"line":23,"column":28},"end":{"line":23,"column":43}},"line":23},"2":{"name":"(anonymous_2)","decl":{"start":{"line":24,"column":14},"end":{"line":24,"column":15}},"loc":{"start":{"line":24,"column":22},"end":{"line":26,"column":9}},"line":24},"3":{"name":"(anonymous_3)","decl":{"start":{"line":30,"column":4},"end":{"line":30,"column":5}},"loc":{"start":{"line":30,"column":80},"end":{"line":50,"column":5}},"line":30},"4":{"name":"(anonymous_4)","decl":{"start":{"line":47,"column":16},"end":{"line":47,"column":17}},"loc":{"start":{"line":47,"column":28},"end":{"line":49,"column":9}},"line":47},"5":{"name":"(anonymous_5)","decl":{"start":{"line":49,"column":16},"end":{"line":49,"column":17}},"loc":{"start":{"line":49,"column":24},"end":{"line":49,"column":34}},"line":49},"6":{"name":"(anonymous_6)","decl":{"start":{"line":53,"column":4},"end":{"line":53,"column":5}},"loc":{"start":{"line":53,"column":50},"end":{"line":63,"column":5}},"line":53},"7":{"name":"(anonymous_7)","decl":{"start":{"line":61,"column":16},"end":{"line":61,"column":17}},"loc":{"start":{"line":61,"column":28},"end":{"line":61,"column":43}},"line":61},"8":{"name":"(anonymous_8)","decl":{"start":{"line":62,"column":14},"end":{"line":62,"column":15}},"loc":{"start":{"line":62,"column":22},"end":{"line":62,"column":52}},"line":62},"9":{"name":"(anonymous_9)","decl":{"start":{"line":67,"column":4},"end":{"line":67,"column":5}},"loc":{"start":{"line":67,"column":63},"end":{"line":79,"column":5}},"line":67},"10":{"name":"(anonymous_10)","decl":{"start":{"line":76,"column":16},"end":{"line":76,"column":17}},"loc":{"start":{"line":76,"column":23},"end":{"line":78,"column":9}},"line":76},"11":{"name":"(anonymous_11)","decl":{"start":{"line":83,"column":4},"end":{"line":83,"column":5}},"loc":{"start":{"line":83,"column":55},"end":{"line":97,"column":5}},"line":83},"12":{"name":"(anonymous_12)","decl":{"start":{"line":94,"column":16},"end":{"line":94,"column":17}},"loc":{"start":{"line":94,"column":23},"end":{"line":96,"column":9}},"line":94},"13":{"name":"(anonymous_13)","decl":{"start":{"line":101,"column":4},"end":{"line":101,"column":5}},"loc":{"start":{"line":101,"column":57},"end":{"line":112,"column":5}},"line":101},"14":{"name":"(anonymous_14)","decl":{"start":{"line":109,"column":16},"end":{"line":109,"column":17}},"loc":{"start":{"line":109,"column":23},"end":{"line":111,"column":9}},"line":109}},"branchMap":{},"s":{"0":1,"1":1,"2":1,"3":2,"4":2,"5":2,"6":2,"7":1,"8":1,"9":1,"10":1,"11":1,"12":3,"13":3,"14":3,"15":3,"16":1,"17":1,"18":1,"19":1,"20":1,"21":1,"22":1,"23":1,"24":1},"f":{"0":2,"1":2,"2":2,"3":1,"4":1,"5":1,"6":3,"7":3,"8":3,"9":1,"10":1,"11":1,"12":1,"13":1,"14":1},"b":{},"_coverageSchema":"332fd63041d2c1bcb487cc26dd0d5f7d97098a6c","hash":"f9ada8ea98aab2a784bbf4b7306edd9555557fc1"}
,"/Users/ryan_bradford/Documents/School/Research/Mobile/WHAM-Mobile/app/models/general/PatientInfoModel.js": {"path":"/Users/ryan_bradford/Documents/School/Research/Mobile/WHAM-Mobile/app/models/general/PatientInfoModel.js","statementMap":{"0":{"start":{"line":4,"column":8},"end":{"line":4,"column":32}},"1":{"start":{"line":5,"column":8},"end":{"line":5,"column":22}},"2":{"start":{"line":6,"column":8},"end":{"line":6,"column":28}},"3":{"start":{"line":7,"column":8},"end":{"line":7,"column":28}},"4":{"start":{"line":8,"column":8},"end":{"line":8,"column":39}}},"fnMap":{"0":{"name":"(anonymous_0)","decl":{"start":{"line":3,"column":4},"end":{"line":3,"column":5}},"loc":{"start":{"line":3,"column":60},"end":{"line":9,"column":5}},"line":3}},"branchMap":{},"s":{"0":3,"1":3,"2":3,"3":3,"4":3},"f":{"0":3},"b":{},"_coverageSchema":"332fd63041d2c1bcb487cc26dd0d5f7d97098a6c","hash":"76252ecb85d406529eb93edc1d40f866dca48cc2"}
,"/Users/ryan_bradford/Documents/School/Research/Mobile/WHAM-Mobile/app/models/general/PatientOverviewModel.js": {"path":"/Users/ryan_bradford/Documents/School/Research/Mobile/WHAM-Mobile/app/models/general/PatientOverviewModel.js","statementMap":{"0":{"start":{"line":11,"column":8},"end":{"line":11,"column":79}},"1":{"start":{"line":17,"column":8},"end":{"line":17,"column":110}},"2":{"start":{"line":18,"column":8},"end":{"line":18,"column":26}},"3":{"start":{"line":19,"column":8},"end":{"line":22,"column":9}},"4":{"start":{"line":20,"column":12},"end":{"line":21,"column":85}},"5":{"start":{"line":23,"column":8},"end":{"line":23,"column":26}},"6":{"start":{"line":24,"column":8},"end":{"line":27,"column":9}},"7":{"start":{"line":25,"column":12},"end":{"line":26,"column":111}},"8":{"start":{"line":28,"column":8},"end":{"line":28,"column":26}},"9":{"start":{"line":29,"column":8},"end":{"line":31,"column":9}},"10":{"start":{"line":30,"column":12},"end":{"line":30,"column":61}}},"fnMap":{"0":{"name":"(anonymous_0)","decl":{"start":{"line":10,"column":4},"end":{"line":10,"column":5}},"loc":{"start":{"line":10,"column":22},"end":{"line":12,"column":5}},"line":10},"1":{"name":"(anonymous_1)","decl":{"start":{"line":16,"column":4},"end":{"line":16,"column":5}},"loc":{"start":{"line":16,"column":50},"end":{"line":32,"column":5}},"line":16}},"branchMap":{},"s":{"0":3,"1":3,"2":3,"3":3,"4":2,"5":3,"6":3,"7":0,"8":3,"9":3,"10":1},"f":{"0":3,"1":3},"b":{},"_coverageSchema":"332fd63041d2c1bcb487cc26dd0d5f7d97098a6c","hash":"6404e51a24c062468e2556cd4099a6bed014b66c"}
,"/Users/ryan_bradford/Documents/School/Research/Mobile/WHAM-Mobile/app/models/messages/MessageNoReplyModel.js": {"path":"/Users/ryan_bradford/Documents/School/Research/Mobile/WHAM-Mobile/app/models/messages/MessageNoReplyModel.js","statementMap":{"0":{"start":{"line":4,"column":8},"end":{"line":4,"column":34}},"1":{"start":{"line":5,"column":8},"end":{"line":5,"column":38}},"2":{"start":{"line":6,"column":8},"end":{"line":6,"column":32}},"3":{"start":{"line":7,"column":8},"end":{"line":7,"column":34}},"4":{"start":{"line":8,"column":8},"end":{"line":8,"column":30}},"5":{"start":{"line":9,"column":8},"end":{"line":9,"column":34}}},"fnMap":{"0":{"name":"(anonymous_0)","decl":{"start":{"line":3,"column":4},"end":{"line":3,"column":5}},"loc":{"start":{"line":3,"column":81},"end":{"line":10,"column":5}},"line":3}},"branchMap":{},"s":{"0":0,"1":0,"2":0,"3":0,"4":0,"5":0},"f":{"0":0},"b":{},"_coverageSchema":"332fd63041d2c1bcb487cc26dd0d5f7d97098a6c","hash":"7b7030e41d4d4d2a44dd049e4b3d0cac8b6f965d"}
,"/Users/ryan_bradford/Documents/School/Research/Mobile/WHAM-Mobile/app/models/request/RequestModel.js": {"path":"/Users/ryan_bradford/Documents/School/Research/Mobile/WHAM-Mobile/app/models/request/RequestModel.js","statementMap":{"0":{"start":{"line":7,"column":8},"end":{"line":7,"column":28}},"1":{"start":{"line":13,"column":8},"end":{"line":13,"column":71}},"2":{"start":{"line":19,"column":8},"end":{"line":19,"column":72}}},"fnMap":{"0":{"name":"(anonymous_0)","decl":{"start":{"line":6,"column":4},"end":{"line":6,"column":5}},"loc":{"start":{"line":6,"column":24},"end":{"line":8,"column":5}},"line":6},"1":{"name":"(anonymous_1)","decl":{"start":{"line":12,"column":4},"end":{"line":12,"column":5}},"loc":{"start":{"line":12,"column":37},"end":{"line":14,"column":5}},"line":12},"2":{"name":"(anonymous_2)","decl":{"start":{"line":18,"column":4},"end":{"line":18,"column":5}},"loc":{"start":{"line":18,"column":37},"end":{"line":20,"column":5}},"line":18}},"branchMap":{},"s":{"0":3,"1":1,"2":1},"f":{"0":3,"1":1,"2":1},"b":{},"_coverageSchema":"332fd63041d2c1bcb487cc26dd0d5f7d97098a6c","hash":"487be80be579de13f6b4532a8f8c77911921b02d"}
,"/Users/ryan_bradford/Documents/School/Research/Mobile/WHAM-Mobile/app/models/sessions/ScoreModel.js": {"path":"/Users/ryan_bradford/Documents/School/Research/Mobile/WHAM-Mobile/app/models/sessions/ScoreModel.js","statementMap":{"0":{"start":{"line":5,"column":8},"end":{"line":5,"column":26}},"1":{"start":{"line":6,"column":8},"end":{"line":6,"column":24}},"2":{"start":{"line":12,"column":8},"end":{"line":15,"column":9}}},"fnMap":{"0":{"name":"(anonymous_0)","decl":{"start":{"line":4,"column":4},"end":{"line":4,"column":5}},"loc":{"start":{"line":4,"column":29},"end":{"line":7,"column":5}},"line":4},"1":{"name":"(anonymous_1)","decl":{"start":{"line":11,"column":4},"end":{"line":11,"column":5}},"loc":{"start":{"line":11,"column":14},"end":{"line":16,"column":5}},"line":11}},"branchMap":{},"s":{"0":3,"1":3,"2":1},"f":{"0":3,"1":1},"b":{},"_coverageSchema":"332fd63041d2c1bcb487cc26dd0d5f7d97098a6c","hash":"2998f167b7288982cc769e265d2442bec273aa33"}
,"/Users/ryan_bradford/Documents/School/Research/Mobile/WHAM-Mobile/app/models/sessions/SessionModel.js": {"path":"/Users/ryan_bradford/Documents/School/Research/Mobile/WHAM-Mobile/app/models/sessions/SessionModel.js","statementMap":{"0":{"start":{"line":8,"column":8},"end":{"line":8,"column":34}},"1":{"start":{"line":9,"column":8},"end":{"line":9,"column":28}},"2":{"start":{"line":10,"column":8},"end":{"line":10,"column":36}},"3":{"start":{"line":11,"column":8},"end":{"line":11,"column":36}},"4":{"start":{"line":12,"column":8},"end":{"line":12,"column":25}},"5":{"start":{"line":13,"column":8},"end":{"line":15,"column":9}},"6":{"start":{"line":14,"column":12},"end":{"line":14,"column":78}},"7":{"start":{"line":21,"column":8},"end":{"line":21,"column":81}},"8":{"start":{"line":27,"column":27},"end":{"line":31,"column":9}},"9":{"start":{"line":32,"column":21},"end":{"line":32,"column":23}},"10":{"start":{"line":33,"column":8},"end":{"line":35,"column":9}},"11":{"start":{"line":34,"column":12},"end":{"line":34,"column":50}},"12":{"start":{"line":36,"column":8},"end":{"line":36,"column":36}},"13":{"start":{"line":37,"column":8},"end":{"line":37,"column":28}}},"fnMap":{"0":{"name":"(anonymous_0)","decl":{"start":{"line":7,"column":4},"end":{"line":7,"column":5}},"loc":{"start":{"line":7,"column":67},"end":{"line":16,"column":5}},"line":7},"1":{"name":"(anonymous_1)","decl":{"start":{"line":20,"column":4},"end":{"line":20,"column":5}},"loc":{"start":{"line":20,"column":35},"end":{"line":22,"column":5}},"line":20},"2":{"name":"(anonymous_2)","decl":{"start":{"line":26,"column":4},"end":{"line":26,"column":5}},"loc":{"start":{"line":26,"column":14},"end":{"line":38,"column":5}},"line":26}},"branchMap":{},"s":{"0":3,"1":3,"2":3,"3":3,"4":3,"5":3,"6":3,"7":1,"8":1,"9":1,"10":1,"11":1,"12":1,"13":1},"f":{"0":3,"1":1,"2":1},"b":{},"_coverageSchema":"332fd63041d2c1bcb487cc26dd0d5f7d97098a6c","hash":"35f8b476d0556ea029029fc2404933319213fd27"}
}
