TN:
SF:/Users/ryan_bradford/Documents/School/Research/Mobile/WHAM-Mobile/app/helpers/NetworkAPI.js
FN:11,(anonymous_0)
FN:23,(anonymous_1)
FN:24,(anonymous_2)
FN:30,(anonymous_3)
FN:47,(anonymous_4)
FN:49,(anonymous_5)
FN:53,(anonymous_6)
FN:61,(anonymous_7)
FN:62,(anonymous_8)
FN:67,(anonymous_9)
FN:76,(anonymous_10)
FN:83,(anonymous_11)
FN:94,(anonymous_12)
FN:101,(anonymous_13)
FN:109,(anonymous_14)
FNF:15
FNH:15
FNDA:2,(anonymous_0)
FNDA:2,(anonymous_1)
FNDA:2,(anonymous_2)
FNDA:1,(anonymous_3)
FNDA:1,(anonymous_4)
FNDA:1,(anonymous_5)
FNDA:3,(anonymous_6)
FNDA:3,(anonymous_7)
FNDA:3,(anonymous_8)
FNDA:1,(anonymous_9)
FNDA:1,(anonymous_10)
FNDA:1,(anonymous_11)
FNDA:1,(anonymous_12)
FNDA:1,(anonymous_13)
FNDA:1,(anonymous_14)
DA:1,1
DA:2,1
DA:3,1
DA:12,2
DA:13,2
DA:23,2
DA:25,2
DA:31,1
DA:39,1
DA:40,1
DA:48,1
DA:49,1
DA:54,3
DA:55,3
DA:61,3
DA:62,3
DA:68,1
DA:69,1
DA:77,1
DA:84,1
DA:85,1
DA:95,1
DA:102,1
DA:103,1
DA:110,1
LF:25
LH:25
BRF:0
BRH:0
end_of_record
TN:
SF:/Users/ryan_bradford/Documents/School/Research/Mobile/WHAM-Mobile/app/models/general/PatientInfoModel.js
FN:3,(anonymous_0)
FNF:1
FNH:1
FNDA:3,(anonymous_0)
DA:4,3
DA:5,3
DA:6,3
DA:7,3
DA:8,3
LF:5
LH:5
BRF:0
BRH:0
end_of_record
TN:
SF:/Users/ryan_bradford/Documents/School/Research/Mobile/WHAM-Mobile/app/models/general/PatientOverviewModel.js
FN:10,(anonymous_0)
FN:16,(anonymous_1)
FNF:2
FNH:2
FNDA:3,(anonymous_0)
FNDA:3,(anonymous_1)
DA:11,3
DA:17,3
DA:18,3
DA:19,3
DA:20,2
DA:23,3
DA:24,3
DA:25,0
DA:28,3
DA:29,3
DA:30,1
LF:11
LH:10
BRF:0
BRH:0
end_of_record
TN:
SF:/Users/ryan_bradford/Documents/School/Research/Mobile/WHAM-Mobile/app/models/messages/MessageNoReplyModel.js
FN:3,(anonymous_0)
FNF:1
FNH:0
FNDA:0,(anonymous_0)
DA:4,0
DA:5,0
DA:6,0
DA:7,0
DA:8,0
DA:9,0
LF:6
LH:0
BRF:0
BRH:0
end_of_record
TN:
SF:/Users/ryan_bradford/Documents/School/Research/Mobile/WHAM-Mobile/app/models/request/RequestModel.js
FN:6,(anonymous_0)
FN:12,(anonymous_1)
FN:18,(anonymous_2)
FNF:3
FNH:3
FNDA:3,(anonymous_0)
FNDA:1,(anonymous_1)
FNDA:1,(anonymous_2)
DA:7,3
DA:13,1
DA:19,1
LF:3
LH:3
BRF:0
BRH:0
end_of_record
TN:
SF:/Users/ryan_bradford/Documents/School/Research/Mobile/WHAM-Mobile/app/models/sessions/ScoreModel.js
FN:4,(anonymous_0)
FN:11,(anonymous_1)
FNF:2
FNH:2
FNDA:3,(anonymous_0)
FNDA:1,(anonymous_1)
DA:5,3
DA:6,3
DA:12,1
LF:3
LH:3
BRF:0
BRH:0
end_of_record
TN:
SF:/Users/ryan_bradford/Documents/School/Research/Mobile/WHAM-Mobile/app/models/sessions/SessionModel.js
FN:7,(anonymous_0)
FN:20,(anonymous_1)
FN:26,(anonymous_2)
FNF:3
FNH:3
FNDA:3,(anonymous_0)
FNDA:1,(anonymous_1)
FNDA:1,(anonymous_2)
DA:8,3
DA:9,3
DA:10,3
DA:11,3
DA:12,3
DA:13,3
DA:14,3
DA:21,1
DA:27,1
DA:32,1
DA:33,1
DA:34,1
DA:36,1
DA:37,1
LF:14
LH:14
BRF:0
BRH:0
end_of_record
